<?xml version="1.0" encoding="UTF-8"?>
<!-- Generated by org.testng.reporters.JUnitXMLReporter -->
<testsuite ignored="0" hostname="LAPTOP-662AOCVM" failures="0" tests="6" name="Test" time="0.073" errors="0" timestamp="2025-06-12T12:05:54 IST">
  <testcase classname="practice.RestAssuredJava" name="restAssuredTest1" time="0.012"/>
  <testcase classname="practice.RestAssuredJava" name="restAssuredTest2" time="0.003"/>
  <testcase classname="practice.SeleniumJava" name="seleniumTest1" time="0.002"/>
  <testcase classname="practice.SeleniumJava" name="seleniumTest2" time="0.002"/>
  <testcase classname="practice.ApiumJava" name="apiumJavaTest1" time="0.002"/>
  <testcase classname="practice.ApiumJava" name="apiumJavaTest2" time="0.002"/>
</testsuite> <!-- Test -->
