<?xml version="1.0" encoding="UTF-8"?>
<testng-results ignored="0" total="6" passed="6" failed="0" skipped="0">
  <reporter-output>
  </reporter-output>
  <suite started-at="2025-06-12T12:05:54 IST" name="Suite" finished-at="2025-06-12T12:05:54 IST" duration-ms="73">
    <groups>
    </groups>
    <test started-at="2025-06-12T12:05:54 IST" name="Test" finished-at="2025-06-12T12:05:54 IST" duration-ms="73">
      <class name="practice.ApiumJava">
        <test-method signature="apiumJavaTest1()[pri:0, instance:practice.ApiumJava@74fe5c40]" started-at="2025-06-12T12:05:54 IST" name="apiumJavaTest1" finished-at="2025-06-12T12:05:54 IST" duration-ms="2" status="PASS">
          <reporter-output>
          </reporter-output>
        </test-method> <!-- apiumJavaTest1 -->
        <test-method signature="apiumJavaTest2()[pri:0, instance:practice.ApiumJava@74fe5c40]" started-at="2025-06-12T12:05:54 IST" name="apiumJavaTest2" finished-at="2025-06-12T12:05:54 IST" duration-ms="2" status="PASS">
          <reporter-output>
          </reporter-output>
        </test-method> <!-- apiumJavaTest2 -->
      </class> <!-- practice.ApiumJava -->
      <class name="practice.SeleniumJava">
        <test-method signature="seleniumTest1()[pri:0, instance:practice.SeleniumJava@436813f3]" started-at="2025-06-12T12:05:54 IST" name="seleniumTest1" finished-at="2025-06-12T12:05:54 IST" duration-ms="2" status="PASS">
          <reporter-output>
          </reporter-output>
        </test-method> <!-- seleniumTest1 -->
        <test-method signature="seleniumTest2()[pri:0, instance:practice.SeleniumJava@436813f3]" started-at="2025-06-12T12:05:54 IST" name="seleniumTest2" finished-at="2025-06-12T12:05:54 IST" duration-ms="2" status="PASS">
          <reporter-output>
          </reporter-output>
        </test-method> <!-- seleniumTest2 -->
      </class> <!-- practice.SeleniumJava -->
      <class name="practice.RestAssuredJava">
        <test-method signature="restAssuredTest1()[pri:0, instance:practice.RestAssuredJava@36bc55de]" started-at="2025-06-12T12:05:54 IST" name="restAssuredTest1" finished-at="2025-06-12T12:05:54 IST" duration-ms="12" status="PASS">
          <reporter-output>
          </reporter-output>
        </test-method> <!-- restAssuredTest1 -->
        <test-method signature="restAssuredTest2()[pri:0, instance:practice.RestAssuredJava@36bc55de]" started-at="2025-06-12T12:05:54 IST" name="restAssuredTest2" finished-at="2025-06-12T12:05:54 IST" duration-ms="3" status="PASS">
          <reporter-output>
          </reporter-output>
        </test-method> <!-- restAssuredTest2 -->
      </class> <!-- practice.RestAssuredJava -->
    </test> <!-- Test -->
  </suite> <!-- Suite -->
</testng-results>
